<?xml version="1.0" encoding="UTF-8"?>
<testng-results skipped="0" failed="0" ignored="0" total="2" passed="2">
  <reporter-output>
  </reporter-output>
  <suite name="Default suite" duration-ms="18336" started-at="2019-06-05T13:28:29Z" finished-at="2019-06-05T13:28:47Z">
    <groups>
    </groups>
    <test name="Default test" duration-ms="18336" started-at="2019-06-05T13:28:29Z" finished-at="2019-06-05T13:28:47Z">
      <class name="testcases.TestParallelDataProviderThreadLocal">
        <test-method status="PASS" signature="launchBrowser(java.lang.String, java.lang.String)[pri:0, instance:testcases.TestParallelDataProviderThreadLocal@4c70fda8]" name="launchBrowser" duration-ms="10222" started-at="2019-06-05T13:28:29Z" data-provider="getData" finished-at="2019-06-05T13:28:39Z">
          <params>
            <param index="0">
              <value>
                <![CDATA[chrome]]>
              </value>
            </param>
            <param index="1">
              <value>
                <![CDATA[trainer@way2automation.com]]>
              </value>
            </param>
          </params>
          <reporter-output>
          </reporter-output>
        </test-method> <!-- launchBrowser -->
        <test-method status="PASS" signature="launchBrowser(java.lang.String, java.lang.String)[pri:0, instance:testcases.TestParallelDataProviderThreadLocal@4c70fda8]" name="launchBrowser" duration-ms="18281" started-at="2019-06-05T13:28:29Z" data-provider="getData" finished-at="2019-06-05T13:28:47Z">
          <params>
            <param index="0">
              <value>
                <![CDATA[firefox]]>
              </value>
            </param>
            <param index="1">
              <value>
                <![CDATA[seleniumcoaching@gmail.com]]>
              </value>
            </param>
          </params>
          <reporter-output>
          </reporter-output>
        </test-method> <!-- launchBrowser -->
      </class> <!-- testcases.TestParallelDataProviderThreadLocal -->
    </test> <!-- Default test -->
  </suite> <!-- Default suite -->
</testng-results>
